[2016-08-09 10:42:57] START
[2016-08-09 10:44:15] CREATE task.py: 0
[2016-08-09 10:45:22] EDIT web2py_angularjs/models/task.py: 27
[2016-08-09 10:46:12] EDIT web2py_angularjs/models/task.py: 0
[2016-08-09 10:46:48] EDIT web2py_angularjs/models/task.py: -5
[2016-08-09 10:47:03] EDIT web2py_angularjs/models/task.py: 5
[2016-08-09 10:47:18] EDIT web2py_angularjs/models/task.py: 0
[2016-08-09 10:47:28] EDIT web2py_angularjs/models/task.py: 0
[2016-08-09 12:01:25] EDIT web2py_angularjs/views/layout.html: 1
[2016-08-09 12:07:42] EDIT web2py_angularjs/views/default/index.html: -43
[2016-08-09 12:10:57] EDIT web2py_angularjs/controllers/default.py: 3
[2016-08-09 12:14:04] EDIT web2py_angularjs/controllers/default.py: -6
[2016-08-09 12:15:28] EDIT web2py_angularjs/views/default/index.html: 10
[2016-08-09 12:15:58] EDIT web2py_angularjs/views/default/index.html: 0
[2016-08-09 12:38:53] EDIT web2py_angularjs/views/layout.html: 2
[2016-08-09 12:46:03] EDIT web2py_angularjs/views/layout.html: 0
[2016-08-09 12:57:11] EDIT web2py_angularjs/views/default/index.html: 5
[2016-08-09 13:01:36] EDIT web2py_angularjs/controllers/default.py: 3
[2016-08-09 13:01:56] CREATE tasks.py: 0
[2016-08-09 13:02:57] EDIT web2py_angularjs/controllers/tasks.py: 3
[2016-08-09 13:04:15] EDIT web2py_angularjs/views/default/index.html: -8
[2016-08-09 13:10:15] EDIT web2py_angularjs/views/layout.html: 1
[2016-08-09 13:16:01] EDIT web2py_angularjs/views/default/index.html: -5
[2016-08-09 13:16:14] EDIT web2py_angularjs/views/default/index.html: 5
[2016-08-09 13:18:02] EDIT web2py_angularjs/views/default/index.html: 0
[2016-08-09 13:18:14] EDIT web2py_angularjs/views/default/index.html: 0
[2016-08-09 13:23:45] EDIT web2py_angularjs/controllers/tasks.py: 12
[2016-08-09 13:24:19] EDIT web2py_angularjs/controllers/tasks.py: -12
[2016-08-09 13:24:56] EDIT web2py_angularjs/controllers/tasks.py: 0
[2016-08-09 13:25:57] EDIT web2py_angularjs/views/layout.html: 12
[2016-08-09 13:26:25] EDIT web2py_angularjs/controllers/tasks.py: 0
[2016-08-09 13:27:07] EDIT web2py_angularjs/views/layout.html: 0
[2016-08-09 13:28:48] EDIT web2py_angularjs/controllers/default.py: -5
[2016-08-09 13:32:35] EDIT web2py_angularjs/controllers/default.py: 0
[2016-08-09 13:32:40] EDIT web2py_angularjs/controllers/default.py: -1
[2016-08-09 13:33:01] EDIT web2py_angularjs/controllers/default.py: 0
[2016-08-09 13:33:04] EDIT web2py_angularjs/controllers/default.py: 0
[2016-08-09 13:35:47] EDIT web2py_angularjs/controllers/default.py: 6
[2016-08-09 13:36:10] EDIT web2py_angularjs/views/layout.html: -12
[2016-08-09 13:39:49] EDIT web2py_angularjs/views/layout.html: -2
[2016-08-09 13:42:23] EDIT web2py_angularjs/views/default/index.html: -2
[2016-08-09 13:43:25] EDIT web2py_angularjs/views/default/index.html: 4
[2016-08-09 13:45:18] EDIT web2py_angularjs/views/default/index.html: 1
[2016-08-09 13:47:19] EDIT web2py_angularjs/views/default/index.html: 6
[2016-08-09 13:47:38] EDIT web2py_angularjs/views/default/index.html: 0
[2016-08-09 13:50:56] EDIT web2py_angularjs/views/default/index.html: 10
[2016-08-09 15:08:22] EDIT web2py_angularjs/views/layout.html: 0
[2016-08-09 15:08:42] EDIT web2py_angularjs/views/default/index.html: -11
[2016-08-09 15:08:50] EDIT web2py_angularjs/views/default/index.html: -8
[2016-08-09 15:10:46] EDIT web2py_angularjs/views/default/index.html: 1
[2016-08-09 15:11:43] EDIT web2py_angularjs/controllers/default.py: -5
[2016-08-09 15:32:25] EDIT web2py_angularjs/controllers/default.py: 5
[2016-08-09 15:35:02] EDIT web2py_angularjs/controllers/default.py: -5
[2016-08-09 15:38:06] EDIT web2py_angularjs/controllers/default.py: 0
[2016-08-09 15:44:38] EDIT web2py_angularjs/controllers/default.py: 0
[2016-08-09 15:45:32] EDIT web2py_angularjs/controllers/default.py: 0
[2016-08-09 15:46:39] EDIT web2py_angularjs/controllers/default.py: 7
[2016-08-09 15:48:13] EDIT web2py_angularjs/controllers/default.py: -7
[2016-08-09 15:48:20] EDIT web2py_angularjs/controllers/default.py: 7
[2016-08-09 15:49:47] EDIT web2py_angularjs/controllers/default.py: -6
[2016-08-09 15:56:41] EDIT web2py_angularjs/controllers/default.py: -1
[2016-08-09 15:57:30] EDIT web2py_angularjs/controllers/default.py: 0
[2016-08-09 15:57:57] EDIT web2py_angularjs/controllers/default.py: 0
[2016-08-09 16:00:50] EDIT web2py_angularjs/controllers/default.py: 0
[2016-08-09 16:01:07] EDIT web2py_angularjs/controllers/default.py: 0
[2016-08-09 16:01:28] EDIT web2py_angularjs/controllers/default.py: 0
[2016-08-09 16:01:46] EDIT web2py_angularjs/controllers/default.py: 0
[2016-08-09 16:02:57] EDIT web2py_angularjs/controllers/default.py: 1
[2016-08-09 16:04:02] EDIT web2py_angularjs/controllers/default.py: 0
[2016-08-09 16:04:36] EDIT web2py_angularjs/controllers/default.py: 0
[2016-08-09 16:05:08] EDIT web2py_angularjs/controllers/default.py: -1
[2016-08-09 16:05:15] EDIT web2py_angularjs/controllers/default.py: 0
[2016-08-09 16:05:18] EDIT web2py_angularjs/controllers/default.py: 0
[2016-08-09 16:10:03] EDIT web2py_angularjs/controllers/default.py: 0
[2016-08-09 16:23:57] EDIT web2py_angularjs/views/default/index.html: 0
[2016-08-09 16:24:40] EDIT web2py_angularjs/views/default/index.html: 0
[2016-08-09 16:24:58] EDIT web2py_angularjs/views/default/index.html: 0
[2016-08-09 16:25:49] EDIT web2py_angularjs/views/default/index.html: 0
[2016-08-09 16:31:36] EDIT web2py_angularjs/views/default/index.html: 0
[2016-08-09 16:31:54] EDIT web2py_angularjs/views/default/index.html: 0
[2016-08-09 16:32:11] EDIT web2py_angularjs/views/default/index.html: 0
[2016-08-09 16:32:19] EDIT web2py_angularjs/views/default/index.html: 0
[2016-08-09 16:33:50] EDIT web2py_angularjs/controllers/default.py: 0
[2016-08-09 16:34:26] EDIT web2py_angularjs/views/default/index.html: 0
[2016-08-09 16:40:03] EDIT web2py_angularjs/controllers/default.py: 0
[2016-08-09 16:49:54] EDIT web2py_angularjs/views/default/index.html: 1
[2016-08-09 16:51:30] EDIT web2py_angularjs/views/default/index.html: 0
[2016-08-09 16:52:17] EDIT web2py_angularjs/views/default/index.html: 0
[2016-08-09 16:56:23] EDIT web2py_angularjs/views/default/index.html: -1
[2016-08-09 16:56:37] EDIT web2py_angularjs/views/default/index.html: 0
[2016-08-09 16:58:55] EDIT web2py_angularjs/views/default/index.html: 11
[2016-08-09 16:59:02] EDIT web2py_angularjs/views/default/index.html: 0
[2016-08-09 17:09:24] EDIT web2py_angularjs/views/default/index.html: 0
[2016-08-09 17:10:19] EDIT web2py_angularjs/models/task.py: 0
[2016-08-09 17:10:29] EDIT web2py_angularjs/views/default/index.html: 0
[2016-08-09 17:10:38] EDIT web2py_angularjs/controllers/default.py: 0
[2016-08-09 17:10:56] EDIT web2py_angularjs/views/default/index.html: 0
[2016-08-09 17:14:04] EDIT web2py_angularjs/views/default/index.html: 0
[2016-08-09 17:15:39] EDIT web2py_angularjs/views/default/index.html: 0
[2016-08-09 17:18:06] EDIT web2py_angularjs/views/default/index.html: 0
[2016-08-09 17:18:20] EDIT web2py_angularjs/views/default/index.html: 0
[2016-08-09 17:22:31] EDIT web2py_angularjs/controllers/default.py: 0
[2016-08-09 17:22:59] EDIT web2py_angularjs/controllers/default.py: 0
[2016-08-09 17:24:40] EDIT web2py_angularjs/views/default/index.html: 0
[2016-08-09 17:24:41] EDIT web2py_angularjs/views/default/index.html: 0
[2016-08-09 17:26:39] EDIT web2py_angularjs/controllers/default.py: 3
[2016-08-09 17:27:05] EDIT web2py_angularjs/controllers/default.py: 0
[2016-08-09 17:27:08] EDIT web2py_angularjs/controllers/default.py: 0
[2016-08-09 17:27:08] EDIT web2py_angularjs/controllers/default.py: 0
[2016-08-09 17:27:15] EDIT web2py_angularjs/controllers/default.py: 0
[2016-08-09 17:28:02] EDIT web2py_angularjs/views/default/index.html: 0
[2016-08-09 17:28:30] EDIT web2py_angularjs/controllers/default.py: -3
[2016-08-09 17:29:51] EDIT web2py_angularjs/views/default/index.html: 0
[2016-08-09 17:30:32] EDIT web2py_angularjs/views/default/index.html: 0
[2016-08-09 17:31:09] EDIT web2py_angularjs/views/default/index.html: 0
[2016-08-09 17:31:55] EDIT web2py_angularjs/views/default/index.html: 0
[2016-08-09 17:32:17] EDIT web2py_angularjs/views/default/index.html: 0
[2016-08-09 17:32:55] EDIT web2py_angularjs/views/default/index.html: 0
[2016-08-09 17:33:13] EDIT web2py_angularjs/views/default/index.html: 0
[2016-08-09 17:36:41] EDIT web2py_angularjs/views/default/index.html: 0
[2016-08-09 17:36:55] EDIT web2py_angularjs/views/default/index.html: 0
[2016-08-09 17:39:47] EDIT web2py_angularjs/controllers/default.py: 0
[2016-08-09 17:40:16] EDIT web2py_angularjs/controllers/default.py: 0
[2016-08-09 17:40:26] EDIT web2py_angularjs/controllers/default.py: 0
[2016-08-09 18:08:13] EDIT web2py_angularjs/views/default/index.html: -6
[2016-08-09 18:10:29] EDIT web2py_angularjs/controllers/default.py: 0
[2016-08-09 18:12:36] EDIT web2py_angularjs/controllers/default.py: 4
[2016-08-09 18:12:41] EDIT web2py_angularjs/controllers/default.py: 0
[2016-08-09 18:12:48] EDIT web2py_angularjs/controllers/default.py: 0
[2016-08-09 18:13:33] EDIT web2py_angularjs/views/default/index.html: 0
[2016-08-09 18:14:16] EDIT web2py_angularjs/controllers/default.py: 0
[2016-08-09 18:21:09] EDIT web2py_angularjs/controllers/default.py: 0
[2016-08-09 18:25:13] EDIT web2py_angularjs/controllers/default.py: 2
[2016-08-09 18:25:25] EDIT web2py_angularjs/controllers/default.py: 0
[2016-08-09 18:25:57] EDIT web2py_angularjs/controllers/default.py: 0
[2016-08-09 18:26:17] EDIT web2py_angularjs/views/default/index.html: 0
[2016-08-10 10:43:10] EDIT web2py_angularjs/controllers/default.py: 7
[2016-08-10 14:21:56] EDIT web2py_angularjs/controllers/default.py: 0
